<?xml version="1.0" encoding="UTF-8"?>
<!-- Generated by org.testng.reporters.JUnitReportReporter -->
<testsuite hostname="INTLAP-62-CHUMKI-ADHIKARI" failures="0" tests="2" name="com.abc.nonbdd.ReqSpec2" time="2.205" errors="0" timestamp="2022-11-19T12:16:42 IST" skipped="0">
  <testcase classname="com.abc.nonbdd.ReqSpec2" name="post" time="1.892"/>
  <system-out/>
  <testcase classname="com.abc.nonbdd.ReqSpec2" name="get" time="0.313"/>
  <system-out/>
</testsuite> <!-- com.abc.nonbdd.ReqSpec2 -->
